<?xml version="1.0" encoding="UTF-8"?>
<testng-results ignored="0" total="2" passed="2" failed="0" skipped="0">
  <reporter-output>
  </reporter-output>
  <suite started-at="2024-10-14T14:40:11 IST" name="Default suite" finished-at="2024-10-14T14:40:15 IST" duration-ms="4151">
    <groups>
      <group name="cucumber">
        <method signature="AbstractTestNGCucumberTests.runScenario(io.cucumber.testng.PickleWrapper,io.cucumber.testng.FeatureWrapper)[pri:0, instance:testrunners.TestRunner@563f38c4]" name="runScenario" class="io.cucumber.testng.AbstractTestNGCucumberTests"/>
      </group> <!-- cucumber -->
    </groups>
    <test started-at="2024-10-14T14:40:11 IST" name="Default test" finished-at="2024-10-14T14:40:15 IST" duration-ms="4151">
      <class name="testrunners.TestRunner">
        <test-method is-config="true" signature="setUpClass(org.testng.ITestContext)[pri:0, instance:testrunners.TestRunner@563f38c4]" started-at="2024-10-14T14:40:11 IST" name="setUpClass" finished-at="2024-10-14T14:40:11 IST" duration-ms="243" status="PASS">
          <params>
            <param index="0">
              <value>
                <![CDATA[org.testng.TestRunner@25b4754a]]>
              </value>
            </param>
          </params>
          <reporter-output>
          </reporter-output>
        </test-method> <!-- setUpClass -->
        <test-method signature="runScenario(io.cucumber.testng.PickleWrapper,io.cucumber.testng.FeatureWrapper)[pri:0, instance:testrunners.TestRunner@563f38c4]" started-at="2024-10-14T14:40:11 IST" name="runScenario" description="Runs Cucumber Scenarios" data-provider="scenarios" finished-at="2024-10-14T14:40:14 IST" duration-ms="2174" status="PASS">
          <params>
            <param index="0">
              <value>
                <![CDATA["Fetch user details successfully"]]>
              </value>
            </param>
            <param index="1">
              <value>
                <![CDATA["User API Test"]]>
              </value>
            </param>
          </params>
          <reporter-output>
          </reporter-output>
        </test-method> <!-- runScenario -->
        <test-method signature="runScenario(io.cucumber.testng.PickleWrapper,io.cucumber.testng.FeatureWrapper)[pri:0, instance:testrunners.TestRunner@563f38c4]" started-at="2024-10-14T14:40:14 IST" name="runScenario" description="Runs Cucumber Scenarios" data-provider="scenarios" finished-at="2024-10-14T14:40:15 IST" duration-ms="1563" status="PASS">
          <params>
            <param index="0">
              <value>
                <![CDATA["place book order using post api"]]>
              </value>
            </param>
            <param index="1">
              <value>
                <![CDATA["place book order"]]>
              </value>
            </param>
          </params>
          <reporter-output>
          </reporter-output>
        </test-method> <!-- runScenario -->
        <test-method is-config="true" signature="tearDown()[pri:0, instance:testrunners.TestRunner@563f38c4]" started-at="2024-10-14T14:40:15 IST" name="tearDown" finished-at="2024-10-14T14:40:15 IST" duration-ms="132" status="PASS">
          <reporter-output>
          </reporter-output>
        </test-method> <!-- tearDown -->
        <test-method is-config="true" signature="tearDownClass()[pri:0, instance:testrunners.TestRunner@563f38c4]" started-at="2024-10-14T14:40:15 IST" name="tearDownClass" finished-at="2024-10-14T14:40:15 IST" duration-ms="11" status="PASS">
          <reporter-output>
          </reporter-output>
        </test-method> <!-- tearDownClass -->
      </class> <!-- testrunners.TestRunner -->
    </test> <!-- Default test -->
  </suite> <!-- Default suite -->
</testng-results>
